#
# A fatal error has been detected by the Java Runtime Environment:
#
#  SIGBUS (0x7) at pc=0x00007fcb8c51f571, pid=4301, tid=0x00007fcb644a2700
#
# JRE version: Java(TM) SE Runtime Environment (8.0_144-b01) (build 1.8.0_144-b01)
# Java VM: Java HotSpot(TM) 64-Bit Server VM (25.144-b01 mixed mode linux-amd64 compressed oops)
# Problematic frame:
# C  [libc.so.6+0x91571]
#
# Failed to write core dump. Core dumps have been disabled. To enable core dumping, try "ulimit -c unlimited" before starting Java again
#
# If you would like to submit a bug report, please visit:
#   http://bugreport.java.com/bugreport/crash.jsp
# The crash happened outside the Java Virtual Machine in native code.
# See problematic frame for where to report the bug.
#

---------------  T H R E A D  ---------------

Current thread (0x00007fcb84307800):  JavaThread "ContainerBackgroundProcessor[StandardEngine[Catalina]]" daemon [_thread_in_native, id=4324, stack(0x00007fcb643a2000,0x00007fcb644a3000)]

siginfo: si_signo: 7 (SIGBUS), si_code: 2 (BUS_ADRERR), si_addr: 0x00007fcb88019d04

Registers:
RAX=0x00007fcb24003be0, RBX=0x0000000000005667, RCX=0x00007fcb24003be0, RDX=0x0000000000005667
RSP=0x00007fcb6449ed48, RBP=0x00007fcb6449eda0, RSI=0x00007fcb880146ad, RDI=0x00007fcb24003be0
R8 =0x00007fcb240000d8, R9 =0x0000000000000000, R10=0x00007fcb24000078, R11=0x00007fcb24000078
R12=0x00007fcb8801467f, R13=0x00007fcb24000df0, R14=0x0000000000006c61, R15=0x00007fcb84173210
RIP=0x00007fcb8c51f571, EFLAGS=0x0000000000010297, CSGSFS=0x002b000000000033, ERR=0x0000000000000004
  TRAPNO=0x000000000000000e

Top of Stack: (sp=0x00007fcb6449ed48)
0x00007fcb6449ed48:   00007fcb8a101bb4 00007fcb48085be0
0x00007fcb6449ed58:   657661cb00000000 0000000000005667
0x00007fcb6449ed68:   0000000002014b50 00007fcb24000df0
0x00007fcb6449ed78:   00007fcb8418b4c0 00007fcb24001960
0x00007fcb6449ed88:   00007fcb84173210 0000000054589111
0x00007fcb6449ed98:   000000000000002d 00007fcb6449ee00
0x00007fcb6449eda8:   00007fcb8a10218f 00007fcb84307800
0x00007fcb6449edb8:   0100000000010100 00007fcb6449ee20
0x00007fcb6449edc8:   00007fcb6449ee4e 00007fcb6449ee4c
0x00007fcb6449edd8:   00007fcb6449ee20 000000000000002d
0x00007fcb6449ede8:   00007fcb843079f8 00007fcb6449f278
0x00007fcb6449edf8:   0000000000000001 00007fcb6449f260
0x00007fcb6449ee08:   00007fcb8a0f3ec0 0000000000000000
0x00007fcb6449ee18:   00007fcb84173210 636170612f67726f
0x00007fcb6449ee28:   6c617461632f6568 6566694c2f616e69
0x00007fcb6449ee38:   695324656c637963 2e657355656c676e
0x00007fcb6449ee48:   0000007373616c63 00007fcb88c3c3d8
0x00007fcb6449ee58:   00007fcb88c3c3d8 00007fcb84307800
0x00007fcb6449ee68:   0000000000000000 00007fcb84307800
0x00007fcb6449ee78:   00007fcb84088810 00007fcb20115c48
0x00007fcb6449ee88:   00007fcb20115c48 00007fcb6449f050
0x00007fcb6449ee98:   00007fcb8bb731bc 00007fcb84307800
0x00007fcb6449eea8:   00007fcb00000001 00000000ed75be98
0x00007fcb6449eeb8:   00007fcb20115c40 00007fcb8c3fd1d0
0x00007fcb6449eec8:   00007fcb8cf0e750 00000000644a0a24
0x00007fcb6449eed8:   00007fcb0000000d 00007fcb6449ed70
0x00007fcb6449eee8:   0000003000000020 00007fcb6449f060
0x00007fcb6449eef8:   00007fcb6449ef70 00007fcb84307800
0x00007fcb6449ef08:   0000000000000000 00007fcb6449ef80
0x00007fcb6449ef18:   00007fcb8be64ada 0000003000000018
0x00007fcb6449ef28:   00007fcb6449f060 00007fcb6449ef70
0x00007fcb6449ef38:   00007fcb84307800 000000000000000d 

Instructions: (pc=0x00007fcb8c51f571)
0x00007fcb8c51f551:   11 4f 10 0f 11 54 17 f0 0f 11 5c 17 e0 c3 48 39
0x00007fcb8c51f561:   f7 0f 87 8c 00 00 00 0f 84 28 ff ff ff 0f 10 26
0x00007fcb8c51f571:   0f 10 6c 16 f0 0f 10 74 16 e0 0f 10 7c 16 d0 44
0x00007fcb8c51f581:   0f 10 44 16 c0 49 89 fb 48 8d 4c 17 f0 49 89 f8 

Register to memory mapping:

RAX=0x00007fcb24003be0 is an unknown value
RBX=0x0000000000005667 is an unknown value
RCX=0x00007fcb24003be0 is an unknown value
RDX=0x0000000000005667 is an unknown value
RSP=0x00007fcb6449ed48 is pointing into the stack for thread: 0x00007fcb84307800
RBP=0x00007fcb6449eda0 is pointing into the stack for thread: 0x00007fcb84307800
RSI=0x00007fcb880146ad is an unknown value
RDI=0x00007fcb24003be0 is an unknown value
R8 =0x00007fcb240000d8 is an unknown value
R9 =0x0000000000000000 is an unknown value
R10=0x00007fcb24000078 is an unknown value
R11=0x00007fcb24000078 is an unknown value
R12=0x00007fcb8801467f is an unknown value
R13=0x00007fcb24000df0 is an unknown value
R14=0x0000000000006c61 is an unknown value
R15=0x00007fcb84173210 is an unknown value


Stack: [0x00007fcb643a2000,0x00007fcb644a3000],  sp=0x00007fcb6449ed48,  free space=1011k
Native frames: (J=compiled Java code, j=interpreted, Vv=VM code, C=native code)
C  [libc.so.6+0x91571]
C  [libzip.so+0x1218f]  ZIP_GetEntry2+0xff
C  [libzip.so+0x3ec0]  Java_java_util_zip_ZipFile_getEntry+0xf0
J 166  java.util.zip.ZipFile.getEntry(J[BZ)J (0 bytes) @ 0x00007fcb7516580e [0x00007fcb75165740+0xce]
J 907 C2 java.util.jar.JarFile.getEntry(Ljava/lang/String;)Ljava/util/zip/ZipEntry; (22 bytes) @ 0x00007fcb753b25ec [0x00007fcb753b22a0+0x34c]
J 980 C2 sun.misc.URLClassPath$JarLoader.getResource(Ljava/lang/String;Z)Lsun/misc/Resource; (85 bytes) @ 0x00007fcb753e6304 [0x00007fcb753e6240+0xc4]
J 259 C1 sun.misc.URLClassPath.getResource(Ljava/lang/String;Z)Lsun/misc/Resource; (83 bytes) @ 0x00007fcb7519af6c [0x00007fcb7519ae00+0x16c]
J 595 C1 java.net.URLClassLoader$1.run()Ljava/lang/Class; (63 bytes) @ 0x00007fcb752c00ec [0x00007fcb752bfee0+0x20c]
J 594 C1 java.net.URLClassLoader$1.run()Ljava/lang/Object; (5 bytes) @ 0x00007fcb752c08cc [0x00007fcb752c0840+0x8c]
v  ~StubRoutines::call_stub
V  [libjvm.so+0x693e96]  JavaCalls::call_helper(JavaValue*, methodHandle*, JavaCallArguments*, Thread*)+0x1056
V  [libjvm.so+0x72d16c]  JVM_DoPrivileged+0x27c
J 271  java.security.AccessController.doPrivileged(Ljava/security/PrivilegedExceptionAction;Ljava/security/AccessControlContext;)Ljava/lang/Object; (0 bytes) @ 0x00007fcb751a2515 [0x00007fcb751a2440+0xd5]
J 260 C1 java.net.URLClassLoader.findClass(Ljava/lang/String;)Ljava/lang/Class; (47 bytes) @ 0x00007fcb7519b684 [0x00007fcb7519b500+0x184]
J 133 C1 java.lang.ClassLoader.loadClass(Ljava/lang/String;Z)Ljava/lang/Class; (122 bytes) @ 0x00007fcb75153abc [0x00007fcb75153160+0x95c]
J 243 C1 java.lang.ClassLoader.loadClass(Ljava/lang/String;)Ljava/lang/Class; (7 bytes) @ 0x00007fcb7518e4c4 [0x00007fcb7518e3c0+0x104]
v  ~StubRoutines::call_stub
V  [libjvm.so+0x693e96]  JavaCalls::call_helper(JavaValue*, methodHandle*, JavaCallArguments*, Thread*)+0x1056
V  [libjvm.so+0x6943a1]  JavaCalls::call_virtual(JavaValue*, KlassHandle, Symbol*, Symbol*, JavaCallArguments*, Thread*)+0x321
V  [libjvm.so+0x6947f6]  JavaCalls::call_virtual(JavaValue*, Handle, KlassHandle, Symbol*, Symbol*, Handle, Thread*)+0x56
V  [libjvm.so+0xa409b0]  SystemDictionary::load_instance_class(Symbol*, Handle, Thread*)+0x3f0
V  [libjvm.so+0xa3f8fc]  SystemDictionary::resolve_instance_class_or_null(Symbol*, Handle, Handle, Thread*)+0x78c
V  [libjvm.so+0xa40dd3]  SystemDictionary::resolve_or_fail(Symbol*, Handle, Handle, bool, Thread*)+0x33
V  [libjvm.so+0x4f6378]  ConstantPool::klass_at_impl(constantPoolHandle, int, Thread*)+0x158
V  [libjvm.so+0x68ac6f]  InterpreterRuntime::quicken_io_cc(JavaThread*)+0xdf
j  org.apache.catalina.util.LifecycleBase.stop()V+325
j  org.apache.catalina.core.StandardContext.stopInternal()V+69
j  org.apache.catalina.util.LifecycleBase.stop()V+214
j  org.apache.catalina.core.ContainerBase.removeChild(Lorg/apache/catalina/Container;)V+18
j  org.apache.catalina.startup.HostConfig.undeploy(Lorg/apache/catalina/startup/HostConfig$DeployedApplication;)V+58
J 1772 C1 org.apache.catalina.startup.HostConfig.checkResources(Lorg/apache/catalina/startup/HostConfig$DeployedApplication;Z)V (693 bytes) @ 0x00007fcb7567bd1c [0x00007fcb75675840+0x64dc]
J 1856 C1 org.apache.catalina.startup.HostConfig.check()V (90 bytes) @ 0x00007fcb75137b54 [0x00007fcb751373a0+0x7b4]
j  org.apache.catalina.startup.HostConfig.lifecycleEvent(Lorg/apache/catalina/LifecycleEvent;)V+123
J 1844 C2 org.apache.catalina.core.ContainerBase.backgroundProcess()V (168 bytes) @ 0x00007fcb751ff97c [0x00007fcb751ff520+0x45c]
J 1837 C2 org.apache.catalina.core.ContainerBase$ContainerBackgroundProcessor.processChildren(Lorg/apache/catalina/Container;)V (185 bytes) @ 0x00007fcb7535626c [0x00007fcb75355c20+0x64c]
j  org.apache.catalina.core.ContainerBase$ContainerBackgroundProcessor.run()V+68
j  java.lang.Thread.run()V+11
v  ~StubRoutines::call_stub
V  [libjvm.so+0x693e96]  JavaCalls::call_helper(JavaValue*, methodHandle*, JavaCallArguments*, Thread*)+0x1056
V  [libjvm.so+0x6943a1]  JavaCalls::call_virtual(JavaValue*, KlassHandle, Symbol*, Symbol*, JavaCallArguments*, Thread*)+0x321
V  [libjvm.so+0x694847]  JavaCalls::call_virtual(JavaValue*, Handle, KlassHandle, Symbol*, Symbol*, Thread*)+0x47
V  [libjvm.so+0x72fbd0]  thread_entry(JavaThread*, Thread*)+0xa0
V  [libjvm.so+0xa79753]  JavaThread::thread_main_inner()+0x103
V  [libjvm.so+0xa7989c]  JavaThread::run()+0x11c
V  [libjvm.so+0x92a338]  java_start(Thread*)+0x108
C  [libpthread.so.0+0x76da]  start_thread+0xca

Java frames: (J=compiled Java code, j=interpreted, Vv=VM code)
J 166  java.util.zip.ZipFile.getEntry(J[BZ)J (0 bytes) @ 0x00007fcb75165798 [0x00007fcb75165740+0x58]
J 907 C2 java.util.jar.JarFile.getEntry(Ljava/lang/String;)Ljava/util/zip/ZipEntry; (22 bytes) @ 0x00007fcb753b25ec [0x00007fcb753b22a0+0x34c]
J 980 C2 sun.misc.URLClassPath$JarLoader.getResource(Ljava/lang/String;Z)Lsun/misc/Resource; (85 bytes) @ 0x00007fcb753e6304 [0x00007fcb753e6240+0xc4]
J 259 C1 sun.misc.URLClassPath.getResource(Ljava/lang/String;Z)Lsun/misc/Resource; (83 bytes) @ 0x00007fcb7519af6c [0x00007fcb7519ae00+0x16c]
J 595 C1 java.net.URLClassLoader$1.run()Ljava/lang/Class; (63 bytes) @ 0x00007fcb752c00ec [0x00007fcb752bfee0+0x20c]
J 594 C1 java.net.URLClassLoader$1.run()Ljava/lang/Object; (5 bytes) @ 0x00007fcb752c08cc [0x00007fcb752c0840+0x8c]
v  ~StubRoutines::call_stub
J 271  java.security.AccessController.doPrivileged(Ljava/security/PrivilegedExceptionAction;Ljava/security/AccessControlContext;)Ljava/lang/Object; (0 bytes) @ 0x00007fcb751a24a3 [0x00007fcb751a2440+0x63]
J 260 C1 java.net.URLClassLoader.findClass(Ljava/lang/String;)Ljava/lang/Class; (47 bytes) @ 0x00007fcb7519b684 [0x00007fcb7519b500+0x184]
J 133 C1 java.lang.ClassLoader.loadClass(Ljava/lang/String;Z)Ljava/lang/Class; (122 bytes) @ 0x00007fcb75153abc [0x00007fcb75153160+0x95c]
J 243 C1 java.lang.ClassLoader.loadClass(Ljava/lang/String;)Ljava/lang/Class; (7 bytes) @ 0x00007fcb7518e4c4 [0x00007fcb7518e3c0+0x104]
v  ~StubRoutines::call_stub
j  org.apache.catalina.util.LifecycleBase.stop()V+325
j  org.apache.catalina.core.StandardContext.stopInternal()V+69
j  org.apache.catalina.util.LifecycleBase.stop()V+214
j  org.apache.catalina.core.ContainerBase.removeChild(Lorg/apache/catalina/Container;)V+18
j  org.apache.catalina.startup.HostConfig.undeploy(Lorg/apache/catalina/startup/HostConfig$DeployedApplication;)V+58
J 1772 C1 org.apache.catalina.startup.HostConfig.checkResources(Lorg/apache/catalina/startup/HostConfig$DeployedApplication;Z)V (693 bytes) @ 0x00007fcb7567bd1c [0x00007fcb75675840+0x64dc]
J 1856 C1 org.apache.catalina.startup.HostConfig.check()V (90 bytes) @ 0x00007fcb75137b54 [0x00007fcb751373a0+0x7b4]
j  org.apache.catalina.startup.HostConfig.lifecycleEvent(Lorg/apache/catalina/LifecycleEvent;)V+123
J 1844 C2 org.apache.catalina.core.ContainerBase.backgroundProcess()V (168 bytes) @ 0x00007fcb751ff97c [0x00007fcb751ff520+0x45c]
J 1837 C2 org.apache.catalina.core.ContainerBase$ContainerBackgroundProcessor.processChildren(Lorg/apache/catalina/Container;)V (185 bytes) @ 0x00007fcb7535626c [0x00007fcb75355c20+0x64c]
j  org.apache.catalina.core.ContainerBase$ContainerBackgroundProcessor.run()V+68
j  java.lang.Thread.run()V+11
v  ~StubRoutines::call_stub

---------------  P R O C E S S  ---------------

Java Threads: ( => current thread )
  0x00007fcb84125800 JavaThread "ajp-nio-8009-AsyncTimeout" daemon [_thread_blocked, id=4352, stack(0x00007fcb1e6e7000,0x00007fcb1e7e8000)]
  0x00007fcb84123800 JavaThread "ajp-nio-8009-Acceptor-0" daemon [_thread_in_native, id=4351, stack(0x00007fcb1e7e8000,0x00007fcb1e8e9000)]
  0x00007fcb84122000 JavaThread "ajp-nio-8009-ClientPoller-1" daemon [_thread_in_native, id=4350, stack(0x00007fcb1e8e9000,0x00007fcb1e9ea000)]
  0x00007fcb84120000 JavaThread "ajp-nio-8009-ClientPoller-0" daemon [_thread_in_native, id=4349, stack(0x00007fcb1e9ea000,0x00007fcb1eaeb000)]
  0x00007fcb8411e800 JavaThread "ajp-nio-8009-exec-10" daemon [_thread_blocked, id=4348, stack(0x00007fcb1eaeb000,0x00007fcb1ebec000)]
  0x00007fcb8412e800 JavaThread "ajp-nio-8009-exec-9" daemon [_thread_blocked, id=4347, stack(0x00007fcb1ebec000,0x00007fcb1eced000)]
  0x00007fcb8412d000 JavaThread "ajp-nio-8009-exec-8" daemon [_thread_blocked, id=4346, stack(0x00007fcb1eced000,0x00007fcb1edee000)]
  0x00007fcb8412b000 JavaThread "ajp-nio-8009-exec-7" daemon [_thread_blocked, id=4345, stack(0x00007fcb1edee000,0x00007fcb1eeef000)]
  0x00007fcb84129800 JavaThread "ajp-nio-8009-exec-6" daemon [_thread_blocked, id=4344, stack(0x00007fcb1eeef000,0x00007fcb1eff0000)]
  0x00007fcb84375000 JavaThread "ajp-nio-8009-exec-5" daemon [_thread_blocked, id=4343, stack(0x00007fcb1eff0000,0x00007fcb1f0f1000)]
  0x00007fcb84373000 JavaThread "ajp-nio-8009-exec-4" daemon [_thread_blocked, id=4342, stack(0x00007fcb1f0f1000,0x00007fcb1f1f2000)]
  0x00007fcb84371800 JavaThread "ajp-nio-8009-exec-3" daemon [_thread_blocked, id=4341, stack(0x00007fcb1f1f2000,0x00007fcb1f2f3000)]
  0x00007fcb8436f800 JavaThread "ajp-nio-8009-exec-2" daemon [_thread_blocked, id=4340, stack(0x00007fcb1f2f3000,0x00007fcb1f3f4000)]
  0x00007fcb84335000 JavaThread "ajp-nio-8009-exec-1" daemon [_thread_blocked, id=4339, stack(0x00007fcb1f3f4000,0x00007fcb1f4f5000)]
  0x00007fcb8445a000 JavaThread "http-nio-8080-AsyncTimeout" daemon [_thread_blocked, id=4338, stack(0x00007fcb1f4f5000,0x00007fcb1f5f6000)]
  0x00007fcb84458800 JavaThread "http-nio-8080-Acceptor-0" daemon [_thread_in_native, id=4337, stack(0x00007fcb1f5f6000,0x00007fcb1f6f7000)]
  0x00007fcb84141000 JavaThread "http-nio-8080-ClientPoller-1" daemon [_thread_in_native, id=4336, stack(0x00007fcb1f6f7000,0x00007fcb1f7f8000)]
  0x00007fcb84140000 JavaThread "http-nio-8080-ClientPoller-0" daemon [_thread_in_native, id=4335, stack(0x00007fcb1f7f8000,0x00007fcb1f8f9000)]
  0x00007fcb84331000 JavaThread "http-nio-8080-exec-10" daemon [_thread_blocked, id=4334, stack(0x00007fcb1f8f9000,0x00007fcb1f9fa000)]
  0x00007fcb8432f800 JavaThread "http-nio-8080-exec-9" daemon [_thread_blocked, id=4333, stack(0x00007fcb1f9fa000,0x00007fcb1fafb000)]
  0x00007fcb84326000 JavaThread "http-nio-8080-exec-8" daemon [_thread_blocked, id=4332, stack(0x00007fcb1fafb000,0x00007fcb1fbfc000)]
  0x00007fcb84324000 JavaThread "http-nio-8080-exec-7" daemon [_thread_blocked, id=4331, stack(0x00007fcb1fbfc000,0x00007fcb1fcfd000)]
  0x00007fcb84322800 JavaThread "http-nio-8080-exec-6" daemon [_thread_blocked, id=4330, stack(0x00007fcb1fcfd000,0x00007fcb1fdfe000)]
  0x00007fcb84320800 JavaThread "http-nio-8080-exec-5" daemon [_thread_blocked, id=4329, stack(0x00007fcb1fdfe000,0x00007fcb1feff000)]
  0x00007fcb8431f800 JavaThread "http-nio-8080-exec-4" daemon [_thread_blocked, id=4328, stack(0x00007fcb1feff000,0x00007fcb20000000)]
  0x00007fcb8430d800 JavaThread "http-nio-8080-exec-3" daemon [_thread_blocked, id=4327, stack(0x00007fcb6409f000,0x00007fcb641a0000)]
  0x00007fcb8430b800 JavaThread "http-nio-8080-exec-2" daemon [_thread_blocked, id=4326, stack(0x00007fcb641a0000,0x00007fcb642a1000)]
  0x00007fcb8430a000 JavaThread "http-nio-8080-exec-1" daemon [_thread_blocked, id=4325, stack(0x00007fcb642a1000,0x00007fcb643a2000)]
=>0x00007fcb84307800 JavaThread "ContainerBackgroundProcessor[StandardEngine[Catalina]]" daemon [_thread_in_native, id=4324, stack(0x00007fcb643a2000,0x00007fcb644a3000)]
  0x00007fcb8451f800 JavaThread "NioBlockingSelector.BlockPoller-2" daemon [_thread_in_native, id=4319, stack(0x00007fcb64ab8000,0x00007fcb64bb9000)]
  0x00007fcb84511000 JavaThread "NioBlockingSelector.BlockPoller-1" daemon [_thread_in_native, id=4318, stack(0x00007fcb64bb9000,0x00007fcb64cba000)]
  0x00007fcb8447f000 JavaThread "GC Daemon" daemon [_thread_blocked, id=4317, stack(0x00007fcb65318000,0x00007fcb65419000)]
  0x00007fcb84150000 JavaThread "AsyncFileHandlerWriter-1300109446" daemon [_thread_blocked, id=4316, stack(0x00007fcb65c4a000,0x00007fcb65d4b000)]
  0x00007fcb840db800 JavaThread "Service Thread" daemon [_thread_blocked, id=4314, stack(0x00007fcb65e4c000,0x00007fcb65f4d000)]
  0x00007fcb840be800 JavaThread "C1 CompilerThread2" daemon [_thread_blocked, id=4313, stack(0x00007fcb65f4d000,0x00007fcb6604e000)]
  0x00007fcb840bd000 JavaThread "C2 CompilerThread1" daemon [_thread_blocked, id=4312, stack(0x00007fcb6604e000,0x00007fcb6614f000)]
  0x00007fcb840ba000 JavaThread "C2 CompilerThread0" daemon [_thread_blocked, id=4311, stack(0x00007fcb6614f000,0x00007fcb66250000)]
  0x00007fcb840b8800 JavaThread "Signal Dispatcher" daemon [_thread_blocked, id=4310, stack(0x00007fcb740a6000,0x00007fcb741a7000)]
  0x00007fcb84084800 JavaThread "Finalizer" daemon [_thread_blocked, id=4309, stack(0x00007fcb746f7000,0x00007fcb747f8000)]
  0x00007fcb8407f800 JavaThread "Reference Handler" daemon [_thread_blocked, id=4308, stack(0x00007fcb747f8000,0x00007fcb748f9000)]
  0x00007fcb8400a000 JavaThread "main" [_thread_in_native, id=4302, stack(0x00007fcb8cf8b000,0x00007fcb8d08c000)]

Other Threads:
  0x00007fcb84078000 VMThread [stack: 0x00007fcb748f9000,0x00007fcb749fa000] [id=4307]
  0x00007fcb840df000 WatcherThread [stack: 0x00007fcb65d4b000,0x00007fcb65e4c000] [id=4315]

VM state:not at safepoint (normal execution)

VM Mutex/Monitor currently owned by a thread: None

Heap:
 PSYoungGen      total 33280K, used 22962K [0x00000000ec380000, 0x00000000ee680000, 0x0000000100000000)
  eden space 30720K, 66% used [0x00000000ec380000,0x00000000ed770b20,0x00000000ee180000)
  from space 2560K, 99% used [0x00000000ee400000,0x00000000ee67c010,0x00000000ee680000)
  to   space 2560K, 0% used [0x00000000ee180000,0x00000000ee180000,0x00000000ee400000)
 ParOldGen       total 40960K, used 12565K [0x00000000c4a00000, 0x00000000c7200000, 0x00000000ec380000)
  object space 40960K, 30% used [0x00000000c4a00000,0x00000000c5645440,0x00000000c7200000)
 Metaspace       used 16228K, capacity 16562K, committed 16768K, reserved 1064960K
  class space    used 1812K, capacity 1905K, committed 1920K, reserved 1048576K

Card table byte_map: [0x00007fcb89b54000,0x00007fcb89d30000] byte_map_base: 0x00007fcb8952f000

Marking Bits: (ParMarkBitMap*) 0x00007fcb8c460dc0
 Begin Bits: [0x00007fcb66250000, 0x00007fcb67128000)
 End Bits:   [0x00007fcb67128000, 0x00007fcb68000000)

Polling page: 0x00007fcb8d0ae000

CodeCache: size=245760Kb used=6009Kb max_used=6776Kb free=239750Kb
 bounds [0x00007fcb75000000, 0x00007fcb756b0000, 0x00007fcb84000000]
 total_blobs=2019 nmethods=1652 adapters=281
 compilation: enabled

Compilation events (10 events):
Event: 2158.117 Thread 0x00007fcb840be800 1858   !   3       java.io.PrintWriter::flush (38 bytes)
Event: 2158.119 Thread 0x00007fcb840be800 nmethod 1858 0x00007fcb7516d910 code [0x00007fcb7516dac0, 0x00007fcb7516e038]
Event: 2228.138 Thread 0x00007fcb840be800 1859       3       java.util.LinkedList::checkPositionIndex (22 bytes)
Event: 2228.140 Thread 0x00007fcb840be800 nmethod 1859 0x00007fcb751c2090 code [0x00007fcb751c22c0, 0x00007fcb751c2e78]
Event: 2228.140 Thread 0x00007fcb840be800 1860       3       java.util.LinkedList::isPositionIndex (18 bytes)
Event: 2228.141 Thread 0x00007fcb840be800 nmethod 1860 0x00007fcb75141810 code [0x00007fcb75141980, 0x00007fcb75141b70]
Event: 2348.178 Thread 0x00007fcb840be800 1861   !   3       org.apache.catalina.core.StandardHost::getConfigBaseFile (135 bytes)
Event: 2348.192 Thread 0x00007fcb840be800 nmethod 1861 0x00007fcb75132e90 code [0x00007fcb751332a0, 0x00007fcb75135858]
Event: 2388.191 Thread 0x00007fcb840be800 1862       3       java.util.Calendar::getBaseStyle (5 bytes)
Event: 2388.194 Thread 0x00007fcb840be800 nmethod 1862 0x00007fcb7529e490 code [0x00007fcb7529e5e0, 0x00007fcb7529e730]

GC Heap History (8 events):
Event: 2.496 GC heap before
{Heap before GC invocations=1 (full 0):
 PSYoungGen      total 17920K, used 15360K [0x00000000ec380000, 0x00000000ed780000, 0x0000000100000000)
  eden space 15360K, 100% used [0x00000000ec380000,0x00000000ed280000,0x00000000ed280000)
  from space 2560K, 0% used [0x00000000ed500000,0x00000000ed500000,0x00000000ed780000)
  to   space 2560K, 0% used [0x00000000ed280000,0x00000000ed280000,0x00000000ed500000)
 ParOldGen       total 40960K, used 0K [0x00000000c4a00000, 0x00000000c7200000, 0x00000000ec380000)
  object space 40960K, 0% used [0x00000000c4a00000,0x00000000c4a00000,0x00000000c7200000)
 Metaspace       used 8845K, capacity 9038K, committed 9344K, reserved 1056768K
  class space    used 987K, capacity 1037K, committed 1152K, reserved 1048576K
Event: 2.511 GC heap after
Heap after GC invocations=1 (full 0):
 PSYoungGen      total 17920K, used 2544K [0x00000000ec380000, 0x00000000ed780000, 0x0000000100000000)
  eden space 15360K, 0% used [0x00000000ec380000,0x00000000ec380000,0x00000000ed280000)
  from space 2560K, 99% used [0x00000000ed280000,0x00000000ed4fc040,0x00000000ed500000)
  to   space 2560K, 0% used [0x00000000ed500000,0x00000000ed500000,0x00000000ed780000)
 ParOldGen       total 40960K, used 1576K [0x00000000c4a00000, 0x00000000c7200000, 0x00000000ec380000)
  object space 40960K, 3% used [0x00000000c4a00000,0x00000000c4b8a088,0x00000000c7200000)
 Metaspace       used 8845K, capacity 9038K, committed 9344K, reserved 1056768K
  class space    used 987K, capacity 1037K, committed 1152K, reserved 1048576K
}
Event: 4.099 GC heap before
{Heap before GC invocations=2 (full 0):
 PSYoungGen      total 17920K, used 17904K [0x00000000ec380000, 0x00000000ed780000, 0x0000000100000000)
  eden space 15360K, 100% used [0x00000000ec380000,0x00000000ed280000,0x00000000ed280000)
  from space 2560K, 99% used [0x00000000ed280000,0x00000000ed4fc040,0x00000000ed500000)
  to   space 2560K, 0% used [0x00000000ed500000,0x00000000ed500000,0x00000000ed780000)
 ParOldGen       total 40960K, used 1576K [0x00000000c4a00000, 0x00000000c7200000, 0x00000000ec380000)
  object space 40960K, 3% used [0x00000000c4a00000,0x00000000c4b8a088,0x00000000c7200000)
 Metaspace       used 12911K, capacity 13158K, committed 13312K, reserved 1060864K
  class space    used 1433K, capacity 1492K, committed 1536K, reserved 1048576K
Event: 4.121 GC heap after
Heap after GC invocations=2 (full 0):
 PSYoungGen      total 17920K, used 2538K [0x00000000ec380000, 0x00000000ed780000, 0x0000000100000000)
  eden space 15360K, 0% used [0x00000000ec380000,0x00000000ec380000,0x00000000ed280000)
  from space 2560K, 99% used [0x00000000ed500000,0x00000000ed77a820,0x00000000ed780000)
  to   space 2560K, 0% used [0x00000000ed280000,0x00000000ed280000,0x00000000ed500000)
 ParOldGen       total 40960K, used 4966K [0x00000000c4a00000, 0x00000000c7200000, 0x00000000ec380000)
  object space 40960K, 12% used [0x00000000c4a00000,0x00000000c4ed9820,0x00000000c7200000)
 Metaspace       used 12911K, capacity 13158K, committed 13312K, reserved 1060864K
  class space    used 1433K, capacity 1492K, committed 1536K, reserved 1048576K
}
Event: 5.449 GC heap before
{Heap before GC invocations=3 (full 0):
 PSYoungGen      total 17920K, used 17898K [0x00000000ec380000, 0x00000000ed780000, 0x0000000100000000)
  eden space 15360K, 100% used [0x00000000ec380000,0x00000000ed280000,0x00000000ed280000)
  from space 2560K, 99% used [0x00000000ed500000,0x00000000ed77a820,0x00000000ed780000)
  to   space 2560K, 0% used [0x00000000ed280000,0x00000000ed280000,0x00000000ed500000)
 ParOldGen       total 40960K, used 4966K [0x00000000c4a00000, 0x00000000c7200000, 0x00000000ec380000)
  object space 40960K, 12% used [0x00000000c4a00000,0x00000000c4ed9820,0x00000000c7200000)
 Metaspace       used 14236K, capacity 14522K, committed 14720K, reserved 1062912K
  class space    used 1618K, capacity 1663K, committed 1664K, reserved 1048576K
Event: 5.477 GC heap after
Heap after GC invocations=3 (full 0):
 PSYoungGen      total 17920K, used 2544K [0x00000000ec380000, 0x00000000ee680000, 0x0000000100000000)
  eden space 15360K, 0% used [0x00000000ec380000,0x00000000ec380000,0x00000000ed280000)
  from space 2560K, 99% used [0x00000000ed280000,0x00000000ed4fc010,0x00000000ed500000)
  to   space 2560K, 0% used [0x00000000ee400000,0x00000000ee400000,0x00000000ee680000)
 ParOldGen       total 40960K, used 10208K [0x00000000c4a00000, 0x00000000c7200000, 0x00000000ec380000)
  object space 40960K, 24% used [0x00000000c4a00000,0x00000000c53f8330,0x00000000c7200000)
 Metaspace       used 14236K, capacity 14522K, committed 14720K, reserved 1062912K
  class space    used 1618K, capacity 1663K, committed 1664K, reserved 1048576K
}
Event: 6.608 GC heap before
{Heap before GC invocations=4 (full 0):
 PSYoungGen      total 17920K, used 17904K [0x00000000ec380000, 0x00000000ee680000, 0x0000000100000000)
  eden space 15360K, 100% used [0x00000000ec380000,0x00000000ed280000,0x00000000ed280000)
  from space 2560K, 99% used [0x00000000ed280000,0x00000000ed4fc010,0x00000000ed500000)
  to   space 2560K, 0% used [0x00000000ee400000,0x00000000ee400000,0x00000000ee680000)
 ParOldGen       total 40960K, used 10208K [0x00000000c4a00000, 0x00000000c7200000, 0x00000000ec380000)
  object space 40960K, 24% used [0x00000000c4a00000,0x00000000c53f8330,0x00000000c7200000)
 Metaspace       used 15814K, capacity 16140K, committed 16256K, reserved 1062912K
  class space    used 1786K, capacity 1872K, committed 1920K, reserved 1048576K
Event: 6.639 GC heap after
Heap after GC invocations=4 (full 0):
 PSYoungGen      total 33280K, used 2544K [0x00000000ec380000, 0x00000000ee680000, 0x0000000100000000)
  eden space 30720K, 0% used [0x00000000ec380000,0x00000000ec380000,0x00000000ee180000)
  from space 2560K, 99% used [0x00000000ee400000,0x00000000ee67c010,0x00000000ee680000)
  to   space 2560K, 0% used [0x00000000ee180000,0x00000000ee180000,0x00000000ee400000)
 ParOldGen       total 40960K, used 12565K [0x00000000c4a00000, 0x00000000c7200000, 0x00000000ec380000)
  object space 40960K, 30% used [0x00000000c4a00000,0x00000000c5645440,0x00000000c7200000)
 Metaspace       used 15814K, capacity 16140K, committed 16256K, reserved 1062912K
  class space    used 1786K, capacity 1872K, committed 1920K, reserved 1048576K
}

Deoptimization events (10 events):
Event: 5.831 Thread 0x00007fcb2c001800 Uncommon trap: reason=class_check action=maybe_recompile pc=0x00007fcb754acf5c method=com.sun.org.apache.xerces.internal.impl.XMLDocumentFragmentScannerImpl$FragmentContentDriver.next()I @ 439
Event: 5.831 Thread 0x00007fcb2c001800 Uncommon trap: reason=class_check action=maybe_recompile pc=0x00007fcb754ad188 method=com.sun.org.apache.xerces.internal.impl.XMLDocumentFragmentScannerImpl.scanEndElement()I @ 145
Event: 5.831 Thread 0x00007fcb2c001800 Uncommon trap: reason=class_check action=maybe_recompile pc=0x00007fcb754acf5c method=com.sun.org.apache.xerces.internal.impl.XMLDocumentFragmentScannerImpl$FragmentContentDriver.next()I @ 439
Event: 7.307 Thread 0x00007fcb8400a000 Uncommon trap: reason=unstable_if action=reinterpret pc=0x00007fcb753501a8 method=java.lang.CharacterDataLatin1.digit(II)I @ 82
Event: 957.672 Thread 0x00007fcb84307800 Uncommon trap: reason=predicate action=maybe_recompile pc=0x00007fcb7569bc58 method=java.util.AbstractCollection.toArray([Ljava/lang/Object;)[Ljava/lang/Object; @ 49
Event: 977.680 Thread 0x00007fcb84307800 Uncommon trap: reason=array_check action=maybe_recompile pc=0x00007fcb756a2e90 method=java.util.AbstractCollection.toArray([Ljava/lang/Object;)[Ljava/lang/Object; @ 119
Event: 977.681 Thread 0x00007fcb84307800 Uncommon trap: reason=array_check action=maybe_recompile pc=0x00007fcb756a2e90 method=java.util.AbstractCollection.toArray([Ljava/lang/Object;)[Ljava/lang/Object; @ 119
Event: 977.681 Thread 0x00007fcb84307800 Uncommon trap: reason=array_check action=maybe_recompile pc=0x00007fcb756a2e90 method=java.util.AbstractCollection.toArray([Ljava/lang/Object;)[Ljava/lang/Object; @ 119
Event: 977.681 Thread 0x00007fcb84307800 Uncommon trap: reason=array_check action=maybe_recompile pc=0x00007fcb756a2e90 method=java.util.AbstractCollection.toArray([Ljava/lang/Object;)[Ljava/lang/Object; @ 119
Event: 2388.189 Thread 0x00007fcb84307800 Uncommon trap: reason=unstable_if action=reinterpret pc=0x00007fcb7511217c method=org.apache.catalina.mapper.MapperListener.lifecycleEvent(Lorg/apache/catalina/LifecycleEvent;)V @ 118

Internal exceptions (10 events):
Event: 3.645 Thread 0x00007fcb8400a000 Implicit null exception at 0x00007fcb75358a7b to 0x00007fcb75358f25
Event: 3.664 Thread 0x00007fcb8400a000 Exception <a 'java/io/FileNotFoundException'> (0x00000000ecc8d248) thrown at [/HUDSON3/workspace/8-2-build-linux-amd64/jdk8u144/9417/hotspot/src/share/vm/prims/jni.cpp, line 709]
Event: 3.994 Thread 0x00007fcb2c001800 Exception <a 'java/lang/ClassNotFoundException': org/apache/catalina/webresources/file/Handler> (0x00000000ed115040) thrown at [/HUDSON3/workspace/8-2-build-linux-amd64/jdk8u144/9417/hotspot/src/share/vm/classfile/systemDictionary.cpp, line 210]
Event: 4.069 Thread 0x00007fcb2c001800 Exception <a 'java/lang/ClassNotFoundException': org/apache/catalina/webresources/jar/Handler> (0x00000000ed2528f8) thrown at [/HUDSON3/workspace/8-2-build-linux-amd64/jdk8u144/9417/hotspot/src/share/vm/classfile/systemDictionary.cpp, line 210]
Event: 6.478 Thread 0x00007fcb2c001800 Exception <a 'java/io/FileNotFoundException'> (0x00000000ed094170) thrown at [/HUDSON3/workspace/8-2-build-linux-amd64/jdk8u144/9417/hotspot/src/share/vm/prims/jni.cpp, line 709]
Event: 6.710 Thread 0x00007fcb2c001800 Exception <a 'java/io/FileNotFoundException'> (0x00000000ec489810) thrown at [/HUDSON3/workspace/8-2-build-linux-amd64/jdk8u144/9417/hotspot/src/share/vm/prims/jni.cpp, line 709]
Event: 6.838 Thread 0x00007fcb2c001800 Exception <a 'java/io/FileNotFoundException'> (0x00000000ec698fa0) thrown at [/HUDSON3/workspace/8-2-build-linux-amd64/jdk8u144/9417/hotspot/src/share/vm/prims/jni.cpp, line 709]
Event: 7.045 Thread 0x00007fcb2c001800 Exception <a 'java/io/FileNotFoundException'> (0x00000000ec83d9b8) thrown at [/HUDSON3/workspace/8-2-build-linux-amd64/jdk8u144/9417/hotspot/src/share/vm/prims/jni.cpp, line 709]
Event: 7.112 Thread 0x00007fcb2c001800 Exception <a 'java/io/FileNotFoundException'> (0x00000000ec99cdb8) thrown at [/HUDSON3/workspace/8-2-build-linux-amd64/jdk8u144/9417/hotspot/src/share/vm/prims/jni.cpp, line 709]
Event: 2388.194 Thread 0x00007fcb84307800 Exception <a 'java/lang/NoClassDefFoundError': org/apache/catalina/ContainerEvent> (0x00000000ed7596a0) thrown at [/HUDSON3/workspace/8-2-build-linux-amd64/jdk8u144/9417/hotspot/src/share/vm/classfile/systemDictionary.cpp, line 199]

Events (10 events):
Event: 2388.192 Executing VM operation: RevokeBias
Event: 2388.192 Executing VM operation: RevokeBias done
Event: 2388.192 Executing VM operation: RevokeBias
Event: 2388.193 Executing VM operation: RevokeBias done
Event: 2388.193 Executing VM operation: RevokeBias
Event: 2388.193 Executing VM operation: RevokeBias done
Event: 2388.193 loading class org/apache/catalina/ContainerEvent
Event: 2388.193 loading class org/apache/catalina/ContainerEvent done
Event: 2388.195 loading class org/apache/catalina/Lifecycle$SingleUse
Event: 2388.195 loading class org/apache/catalina/Lifecycle$SingleUse done


Dynamic libraries:
00400000-00401000 r-xp 00000000 08:02 41815184                           /usr/lib/jvm/java-8-oracle/bin/java
00600000-00601000 rw-p 00000000 08:02 41815184                           /usr/lib/jvm/java-8-oracle/bin/java
015d4000-015f5000 rw-p 00000000 00:00 0                                  [heap]
c4a00000-c7200000 rw-p 00000000 00:00 0 
c7200000-ec380000 ---p 00000000 00:00 0 
ec380000-ee680000 rw-p 00000000 00:00 0 
ee680000-100000000 ---p 00000000 00:00 0 
100000000-1001e0000 rw-p 00000000 00:00 0 
1001e0000-140000000 ---p 00000000 00:00 0 
7fcaec000000-7fcaec021000 rw-p 00000000 00:00 0 
7fcaec021000-7fcaf0000000 ---p 00000000 00:00 0 
7fcaf4000000-7fcaf4021000 rw-p 00000000 00:00 0 
7fcaf4021000-7fcaf8000000 ---p 00000000 00:00 0 
7fcafc000000-7fcafc021000 rw-p 00000000 00:00 0 
7fcafc021000-7fcb00000000 ---p 00000000 00:00 0 
7fcb00000000-7fcb00021000 rw-p 00000000 00:00 0 
7fcb00021000-7fcb04000000 ---p 00000000 00:00 0 
7fcb04000000-7fcb0428e000 rw-p 00000000 00:00 0 
7fcb0428e000-7fcb08000000 ---p 00000000 00:00 0 
7fcb08000000-7fcb08021000 rw-p 00000000 00:00 0 
7fcb08021000-7fcb0c000000 ---p 00000000 00:00 0 
7fcb0c000000-7fcb0c021000 rw-p 00000000 00:00 0 
7fcb0c021000-7fcb10000000 ---p 00000000 00:00 0 
7fcb10000000-7fcb10021000 rw-p 00000000 00:00 0 
7fcb10021000-7fcb14000000 ---p 00000000 00:00 0 
7fcb14000000-7fcb14021000 rw-p 00000000 00:00 0 
7fcb14021000-7fcb18000000 ---p 00000000 00:00 0 
7fcb18000000-7fcb18021000 rw-p 00000000 00:00 0 
7fcb18021000-7fcb1c000000 ---p 00000000 00:00 0 
7fcb1e6e7000-7fcb1e6ea000 ---p 00000000 00:00 0 
7fcb1e6ea000-7fcb1e7e8000 rw-p 00000000 00:00 0 
7fcb1e7e8000-7fcb1e7eb000 ---p 00000000 00:00 0 
7fcb1e7eb000-7fcb1e8e9000 rw-p 00000000 00:00 0 
7fcb1e8e9000-7fcb1e8ec000 ---p 00000000 00:00 0 
7fcb1e8ec000-7fcb1e9ea000 rw-p 00000000 00:00 0 
7fcb1e9ea000-7fcb1e9ed000 ---p 00000000 00:00 0 
7fcb1e9ed000-7fcb1eaeb000 rw-p 00000000 00:00 0 
7fcb1eaeb000-7fcb1eaee000 ---p 00000000 00:00 0 
7fcb1eaee000-7fcb1ebec000 rw-p 00000000 00:00 0 
7fcb1ebec000-7fcb1ebef000 ---p 00000000 00:00 0 
7fcb1ebef000-7fcb1eced000 rw-p 00000000 00:00 0 
7fcb1eced000-7fcb1ecf0000 ---p 00000000 00:00 0 
7fcb1ecf0000-7fcb1edee000 rw-p 00000000 00:00 0 
7fcb1edee000-7fcb1edf1000 ---p 00000000 00:00 0 
7fcb1edf1000-7fcb1eeef000 rw-p 00000000 00:00 0 
7fcb1eeef000-7fcb1eef2000 ---p 00000000 00:00 0 
7fcb1eef2000-7fcb1eff0000 rw-p 00000000 00:00 0 
7fcb1eff0000-7fcb1eff3000 ---p 00000000 00:00 0 
7fcb1eff3000-7fcb1f0f1000 rw-p 00000000 00:00 0 
7fcb1f0f1000-7fcb1f0f4000 ---p 00000000 00:00 0 
7fcb1f0f4000-7fcb1f1f2000 rw-p 00000000 00:00 0 
7fcb1f1f2000-7fcb1f1f5000 ---p 00000000 00:00 0 
7fcb1f1f5000-7fcb1f2f3000 rw-p 00000000 00:00 0 
7fcb1f2f3000-7fcb1f2f6000 ---p 00000000 00:00 0 
7fcb1f2f6000-7fcb1f3f4000 rw-p 00000000 00:00 0 
7fcb1f3f4000-7fcb1f3f7000 ---p 00000000 00:00 0 
7fcb1f3f7000-7fcb1f4f5000 rw-p 00000000 00:00 0 
7fcb1f4f5000-7fcb1f4f8000 ---p 00000000 00:00 0 
7fcb1f4f8000-7fcb1f5f6000 rw-p 00000000 00:00 0 
7fcb1f5f6000-7fcb1f5f9000 ---p 00000000 00:00 0 
7fcb1f5f9000-7fcb1f6f7000 rw-p 00000000 00:00 0 
7fcb1f6f7000-7fcb1f6fa000 ---p 00000000 00:00 0 
7fcb1f6fa000-7fcb1f7f8000 rw-p 00000000 00:00 0 
7fcb1f7f8000-7fcb1f7fb000 ---p 00000000 00:00 0 
7fcb1f7fb000-7fcb1f8f9000 rw-p 00000000 00:00 0 
7fcb1f8f9000-7fcb1f8fc000 ---p 00000000 00:00 0 
7fcb1f8fc000-7fcb1f9fa000 rw-p 00000000 00:00 0 
7fcb1f9fa000-7fcb1f9fd000 ---p 00000000 00:00 0 
7fcb1f9fd000-7fcb1fafb000 rw-p 00000000 00:00 0 
7fcb1fafb000-7fcb1fafe000 ---p 00000000 00:00 0 
7fcb1fafe000-7fcb1fbfc000 rw-p 00000000 00:00 0 
7fcb1fbfc000-7fcb1fbff000 ---p 00000000 00:00 0 
7fcb1fbff000-7fcb1fcfd000 rw-p 00000000 00:00 0 
7fcb1fcfd000-7fcb1fd00000 ---p 00000000 00:00 0 
7fcb1fd00000-7fcb1fdfe000 rw-p 00000000 00:00 0 
7fcb1fdfe000-7fcb1fe01000 ---p 00000000 00:00 0 
7fcb1fe01000-7fcb1feff000 rw-p 00000000 00:00 0 
7fcb1feff000-7fcb1ff02000 ---p 00000000 00:00 0 
7fcb1ff02000-7fcb20000000 rw-p 00000000 00:00 0 
7fcb20000000-7fcb20143000 rw-p 00000000 00:00 0 
7fcb20143000-7fcb24000000 ---p 00000000 00:00 0 
7fcb24000000-7fcb242bd000 rw-p 00000000 00:00 0 
7fcb242bd000-7fcb28000000 ---p 00000000 00:00 0 
7fcb28000000-7fcb28021000 rw-p 00000000 00:00 0 
7fcb28021000-7fcb2c000000 ---p 00000000 00:00 0 
7fcb2c000000-7fcb2c021000 rw-p 00000000 00:00 0 
7fcb2c021000-7fcb30000000 ---p 00000000 00:00 0 
7fcb30000000-7fcb30021000 rw-p 00000000 00:00 0 
7fcb30021000-7fcb34000000 ---p 00000000 00:00 0 
7fcb34000000-7fcb34021000 rw-p 00000000 00:00 0 
7fcb34021000-7fcb38000000 ---p 00000000 00:00 0 
7fcb38000000-7fcb38021000 rw-p 00000000 00:00 0 
7fcb38021000-7fcb3c000000 ---p 00000000 00:00 0 
7fcb3c000000-7fcb3c021000 rw-p 00000000 00:00 0 
7fcb3c021000-7fcb40000000 ---p 00000000 00:00 0 
7fcb40000000-7fcb40567000 rw-p 00000000 00:00 0 
7fcb40567000-7fcb44000000 ---p 00000000 00:00 0 
7fcb44000000-7fcb44021000 rw-p 00000000 00:00 0 
7fcb44021000-7fcb48000000 ---p 00000000 00:00 0 
7fcb48000000-7fcb48586000 rw-p 00000000 00:00 0 
7fcb48586000-7fcb4c000000 ---p 00000000 00:00 0 
7fcb4c000000-7fcb4c46e000 rw-p 00000000 00:00 0 
7fcb4c46e000-7fcb50000000 ---p 00000000 00:00 0 
7fcb50000000-7fcb50021000 rw-p 00000000 00:00 0 
7fcb50021000-7fcb54000000 ---p 00000000 00:00 0 
7fcb54000000-7fcb54021000 rw-p 00000000 00:00 0 
7fcb54021000-7fcb58000000 ---p 00000000 00:00 0 
7fcb58000000-7fcb58021000 rw-p 00000000 00:00 0 
7fcb58021000-7fcb5c000000 ---p 00000000 00:00 0 
7fcb5c000000-7fcb5c021000 rw-p 00000000 00:00 0 
7fcb5c021000-7fcb60000000 ---p 00000000 00:00 0 
7fcb60000000-7fcb60021000 rw-p 00000000 00:00 0 
7fcb60021000-7fcb64000000 ---p 00000000 00:00 0 
7fcb6409f000-7fcb640a2000 ---p 00000000 00:00 0 
7fcb640a2000-7fcb641a0000 rw-p 00000000 00:00 0 
7fcb641a0000-7fcb641a3000 ---p 00000000 00:00 0 
7fcb641a3000-7fcb642a1000 rw-p 00000000 00:00 0 
7fcb642a1000-7fcb642a4000 ---p 00000000 00:00 0 
7fcb642a4000-7fcb643a2000 rw-p 00000000 00:00 0 
7fcb643a2000-7fcb643a5000 ---p 00000000 00:00 0 
7fcb643a5000-7fcb64523000 rw-p 00000000 00:00 0 
7fcb64523000-7fcb646a3000 ---p 00000000 00:00 0 
7fcb646a3000-7fcb648a3000 rw-p 00000000 00:00 0 
7fcb648a3000-7fcb648b6000 r--s 00345000 08:02 41816516                   /usr/lib/jvm/java-8-oracle/jre/lib/resources.jar
7fcb648b6000-7fcb648b9000 ---p 00000000 00:00 0 
7fcb648b9000-7fcb649b7000 rw-p 00000000 00:00 0 
7fcb649b7000-7fcb649ba000 ---p 00000000 00:00 0 
7fcb649ba000-7fcb64ab8000 rw-p 00000000 00:00 0 
7fcb64ab8000-7fcb64abb000 ---p 00000000 00:00 0 
7fcb64abb000-7fcb64bb9000 rw-p 00000000 00:00 0 
7fcb64bb9000-7fcb64bbc000 ---p 00000000 00:00 0 
7fcb64bbc000-7fcb64eba000 rw-p 00000000 00:00 0 
7fcb64eba000-7fcb64ed0000 r-xp 00000000 08:02 44569064                   /lib/x86_64-linux-gnu/libgcc_s.so.1
7fcb64ed0000-7fcb650cf000 ---p 00016000 08:02 44569064                   /lib/x86_64-linux-gnu/libgcc_s.so.1
7fcb650cf000-7fcb650d0000 r--p 00015000 08:02 44569064                   /lib/x86_64-linux-gnu/libgcc_s.so.1
7fcb650d0000-7fcb650d1000 rw-p 00016000 08:02 44569064                   /lib/x86_64-linux-gnu/libgcc_s.so.1
7fcb650d1000-7fcb65103000 r-xp 00000000 08:02 41815905                   /usr/lib/jvm/java-8-oracle/jre/lib/amd64/libsunec.so
7fcb65103000-7fcb65302000 ---p 00032000 08:02 41815905                   /usr/lib/jvm/java-8-oracle/jre/lib/amd64/libsunec.so
7fcb65302000-7fcb65308000 rw-p 00031000 08:02 41815905                   /usr/lib/jvm/java-8-oracle/jre/lib/amd64/libsunec.so
7fcb65308000-7fcb65318000 rw-p 00000000 00:00 0 
7fcb65318000-7fcb6531b000 ---p 00000000 00:00 0 
7fcb6531b000-7fcb65619000 rw-p 00000000 00:00 0 
7fcb65619000-7fcb6562a000 r-xp 00000000 08:02 41815922                   /usr/lib/jvm/java-8-oracle/jre/lib/amd64/libnio.so
7fcb6562a000-7fcb65829000 ---p 00011000 08:02 41815922                   /usr/lib/jvm/java-8-oracle/jre/lib/amd64/libnio.so
7fcb65829000-7fcb6582a000 rw-p 00010000 08:02 41815922                   /usr/lib/jvm/java-8-oracle/jre/lib/amd64/libnio.so
7fcb6582a000-7fcb65840000 r-xp 00000000 08:02 41815897                   /usr/lib/jvm/java-8-oracle/jre/lib/amd64/libnet.so
7fcb65840000-7fcb65a40000 ---p 00016000 08:02 41815897                   /usr/lib/jvm/java-8-oracle/jre/lib/amd64/libnet.so
7fcb65a40000-7fcb65a41000 rw-p 00016000 08:02 41815897                   /usr/lib/jvm/java-8-oracle/jre/lib/amd64/libnet.so
7fcb65a41000-7fcb65a4a000 r-xp 00000000 08:02 41815933                   /usr/lib/jvm/java-8-oracle/jre/lib/amd64/libmanagement.so
7fcb65a4a000-7fcb65c49000 ---p 00009000 08:02 41815933                   /usr/lib/jvm/java-8-oracle/jre/lib/amd64/libmanagement.so
7fcb65c49000-7fcb65c4a000 rw-p 00008000 08:02 41815933                   /usr/lib/jvm/java-8-oracle/jre/lib/amd64/libmanagement.so
7fcb65c4a000-7fcb65c4d000 ---p 00000000 00:00 0 
7fcb65c4d000-7fcb65d4b000 rw-p 00000000 00:00 0 
7fcb65d4b000-7fcb65d4c000 ---p 00000000 00:00 0 
7fcb65d4c000-7fcb65e4c000 rw-p 00000000 00:00 0 
7fcb65e4c000-7fcb65e4f000 ---p 00000000 00:00 0 
7fcb65e4f000-7fcb65f4d000 rw-p 00000000 00:00 0 
7fcb65f4d000-7fcb65f50000 ---p 00000000 00:00 0 
7fcb65f50000-7fcb6604e000 rw-p 00000000 00:00 0 
7fcb6604e000-7fcb66051000 ---p 00000000 00:00 0 
7fcb66051000-7fcb6614f000 rw-p 00000000 00:00 0 
7fcb6614f000-7fcb66152000 ---p 00000000 00:00 0 
7fcb66152000-7fcb68000000 rw-p 00000000 00:00 0 
7fcb68000000-7fcb68021000 rw-p 00000000 00:00 0 
7fcb68021000-7fcb6c000000 ---p 00000000 00:00 0 
7fcb6c000000-7fcb6c021000 rw-p 00000000 00:00 0 
7fcb6c021000-7fcb70000000 ---p 00000000 00:00 0 
7fcb70000000-7fcb70021000 rw-p 00000000 00:00 0 
7fcb70021000-7fcb74000000 ---p 00000000 00:00 0 
7fcb74000000-7fcb74005000 r--s 002f9000 08:02 41815211                   /usr/lib/jvm/java-8-oracle/jre/lib/charsets.jar
7fcb7400c000-7fcb74013000 r--s 00000000 08:02 40506681                   /usr/lib/x86_64-linux-gnu/gconv/gconv-modules.cache
7fcb74013000-7fcb74038000 r--p 00000000 08:02 42208014                   /usr/share/locale-langpack/es/LC_MESSAGES/libc.mo
7fcb74038000-7fcb7403e000 r--s 0003f000 08:02 41816481                   /usr/lib/jvm/java-8-oracle/jre/lib/ext/sunjce_provider.jar
7fcb7403e000-7fcb74040000 r--s 00009000 08:02 41816480                   /usr/lib/jvm/java-8-oracle/jre/lib/ext/sunec.jar
7fcb74040000-7fcb74043000 r--s 0001a000 08:02 41816520                   /usr/lib/jvm/java-8-oracle/jre/lib/jce.jar
7fcb74043000-7fcb74048000 r--s 0009a000 08:02 41815210                   /usr/lib/jvm/java-8-oracle/jre/lib/jsse.jar
7fcb74048000-7fcb74052000 r--s 00116000 08:02 41816483                   /usr/lib/jvm/java-8-oracle/jre/lib/ext/localedata.jar
7fcb74052000-7fcb7406e000 r--s 00393000 08:02 41816486                   /usr/lib/jvm/java-8-oracle/jre/lib/ext/cldrdata.jar
7fcb7406e000-7fcb74072000 r--s 00038000 08:02 25952623                   /home/jmmedina/Descargas/apache-tomcat-8.5.23/lib/servlet-api.jar
7fcb74072000-7fcb74076000 r--s 0003a000 08:02 25952626                   /home/jmmedina/Descargas/apache-tomcat-8.5.23/lib/tomcat-dbcp.jar
7fcb74076000-7fcb7407b000 r--s 00031000 08:02 25952634                   /home/jmmedina/Descargas/apache-tomcat-8.5.23/lib/tomcat-websocket.jar
7fcb7407b000-7fcb74080000 r--s 0002e000 08:02 25952632                   /home/jmmedina/Descargas/apache-tomcat-8.5.23/lib/tomcat-util-scan.jar
7fcb74080000-7fcb74083000 r--s 0000d000 08:02 25952622                   /home/jmmedina/Descargas/apache-tomcat-8.5.23/lib/jsp-api.jar
7fcb74083000-7fcb74085000 r--s 00008000 08:02 25952628                   /home/jmmedina/Descargas/apache-tomcat-8.5.23/lib/tomcat-i18n-fr.jar
7fcb74085000-7fcb74087000 r--s 00009000 08:02 25952629                   /home/jmmedina/Descargas/apache-tomcat-8.5.23/lib/tomcat-i18n-ja.jar
7fcb74087000-7fcb7408b000 r--s 0001e000 08:02 25952633                   /home/jmmedina/Descargas/apache-tomcat-8.5.23/lib/tomcat-util.jar
7fcb7408b000-7fcb7408d000 r--s 00012000 08:02 25952618                   /home/jmmedina/Descargas/apache-tomcat-8.5.23/lib/el-api.jar
7fcb7408d000-7fcb74092000 r--s 00040000 08:02 25952615                   /home/jmmedina/Descargas/apache-tomcat-8.5.23/lib/catalina-tribes.jar
7fcb74092000-7fcb74095000 r--s 00007000 08:02 25952635                   /home/jmmedina/Descargas/apache-tomcat-8.5.23/lib/websocket-api.jar
7fcb74095000-7fcb74098000 r--s 00025000 08:02 25952619                   /home/jmmedina/Descargas/apache-tomcat-8.5.23/lib/jasper-el.jar
7fcb74098000-7fcb740a3000 r--s 000b6000 08:02 25952625                   /home/jmmedina/Descargas/apache-tomcat-8.5.23/lib/tomcat-coyote.jar
7fcb740a3000-7fcb740a6000 r--s 0001b000 08:02 25952613                   /home/jmmedina/Descargas/apache-tomcat-8.5.23/lib/catalina-ha.jar
7fcb740a6000-7fcb740a9000 ---p 00000000 00:00 0 
7fcb740a9000-7fcb741a7000 rw-p 00000000 00:00 0 
7fcb741a7000-7fcb746f7000 r--p 00000000 08:02 40112637                   /usr/lib/locale/locale-archive
7fcb746f7000-7fcb746fa000 ---p 00000000 00:00 0 
7fcb746fa000-7fcb747f8000 rw-p 00000000 00:00 0 
7fcb747f8000-7fcb747fb000 ---p 00000000 00:00 0 
7fcb747fb000-7fcb748f9000 rw-p 00000000 00:00 0 
7fcb748f9000-7fcb748fa000 ---p 00000000 00:00 0 
7fcb748fa000-7fcb75000000 rw-p 00000000 00:00 0 
7fcb75000000-7fcb756b0000 rwxp 00000000 00:00 0 
7fcb756b0000-7fcb84000000 ---p 00000000 00:00 0 
7fcb84000000-7fcb8477a000 rw-p 00000000 00:00 0 
7fcb8477a000-7fcb88000000 ---p 00000000 00:00 0 
7fcb88000000-7fcb88002000 r--s 00011000 08:02 25952614                   /home/jmmedina/Descargas/apache-tomcat-8.5.23/lib/catalina-storeconfig.jar
7fcb88002000-7fcb88005000 r--s 0000e000 08:02 25952627                   /home/jmmedina/Descargas/apache-tomcat-8.5.23/lib/tomcat-i18n-es.jar
7fcb88005000-7fcb88007000 r--s 00003000 08:02 25952611                   /home/jmmedina/Descargas/apache-tomcat-8.5.23/lib/annotations-api.jar
7fcb88007000-7fcb8800f000 r--s 00089000 08:02 25952620                   /home/jmmedina/Descargas/apache-tomcat-8.5.23/lib/jasper.jar
7fcb8800f000-7fcb88011000 r--s 00005000 08:02 25952621                   /home/jmmedina/Descargas/apache-tomcat-8.5.23/lib/jaspic-api.jar
7fcb88011000-7fcb88013000 r--s 0000c000 08:02 25952612                   /home/jmmedina/Descargas/apache-tomcat-8.5.23/lib/catalina-ant.jar
7fcb88013000-7fcb88027000 r--s 00179000 08:02 25952616                   /home/jmmedina/Descargas/apache-tomcat-8.5.23/lib/catalina.jar
7fcb88027000-7fcb8803a000 r--s 00244000 08:02 25952617                   /home/jmmedina/Descargas/apache-tomcat-8.5.23/lib/ecj-4.6.3.jar
7fcb8803a000-7fcb889e8000 rw-p 00000000 00:00 0 
7fcb889e8000-7fcb88bc2000 r--s 03d4d000 08:02 41815889                   /usr/lib/jvm/java-8-oracle/jre/lib/rt.jar
7fcb88bc2000-7fcb89613000 rw-p 00000000 00:00 0 
7fcb89613000-7fcb89614000 ---p 00000000 00:00 0 
7fcb89614000-7fcb89714000 rw-p 00000000 00:00 0 
7fcb89714000-7fcb89715000 ---p 00000000 00:00 0 
7fcb89715000-7fcb89815000 rw-p 00000000 00:00 0 
7fcb89815000-7fcb89816000 ---p 00000000 00:00 0 
7fcb89816000-7fcb89916000 rw-p 00000000 00:00 0 
7fcb89916000-7fcb89917000 ---p 00000000 00:00 0 
7fcb89917000-7fcb89a2b000 rw-p 00000000 00:00 0 
7fcb89a2b000-7fcb89b54000 ---p 00000000 00:00 0 
7fcb89b54000-7fcb89b68000 rw-p 00000000 00:00 0 
7fcb89b68000-7fcb89c90000 ---p 00000000 00:00 0 
7fcb89c90000-7fcb89ca3000 rw-p 00000000 00:00 0 
7fcb89ca3000-7fcb89d2f000 ---p 00000000 00:00 0 
7fcb89d2f000-7fcb89d4b000 rw-p 00000000 00:00 0 
7fcb89d4b000-7fcb8a0f0000 ---p 00000000 00:00 0 
7fcb8a0f0000-7fcb8a10a000 r-xp 00000000 08:02 41815920                   /usr/lib/jvm/java-8-oracle/jre/lib/amd64/libzip.so
7fcb8a10a000-7fcb8a30a000 ---p 0001a000 08:02 41815920                   /usr/lib/jvm/java-8-oracle/jre/lib/amd64/libzip.so
7fcb8a30a000-7fcb8a30b000 rw-p 0001a000 08:02 41815920                   /usr/lib/jvm/java-8-oracle/jre/lib/amd64/libzip.so
7fcb8a30b000-7fcb8a316000 r-xp 00000000 08:02 44564573                   /lib/x86_64-linux-gnu/libnss_files-2.24.so
7fcb8a316000-7fcb8a515000 ---p 0000b000 08:02 44564573                   /lib/x86_64-linux-gnu/libnss_files-2.24.so
7fcb8a515000-7fcb8a516000 r--p 0000a000 08:02 44564573                   /lib/x86_64-linux-gnu/libnss_files-2.24.so
7fcb8a516000-7fcb8a517000 rw-p 0000b000 08:02 44564573                   /lib/x86_64-linux-gnu/libnss_files-2.24.so
7fcb8a517000-7fcb8a51d000 rw-p 00000000 00:00 0 
7fcb8a51d000-7fcb8a528000 r-xp 00000000 08:02 44564575                   /lib/x86_64-linux-gnu/libnss_nis-2.24.so
7fcb8a528000-7fcb8a727000 ---p 0000b000 08:02 44564575                   /lib/x86_64-linux-gnu/libnss_nis-2.24.so
7fcb8a727000-7fcb8a728000 r--p 0000a000 08:02 44564575                   /lib/x86_64-linux-gnu/libnss_nis-2.24.so
7fcb8a728000-7fcb8a729000 rw-p 0000b000 08:02 44564575                   /lib/x86_64-linux-gnu/libnss_nis-2.24.so
7fcb8a729000-7fcb8a73f000 r-xp 00000000 08:02 44564570                   /lib/x86_64-linux-gnu/libnsl-2.24.so
7fcb8a73f000-7fcb8a93e000 ---p 00016000 08:02 44564570                   /lib/x86_64-linux-gnu/libnsl-2.24.so
7fcb8a93e000-7fcb8a93f000 r--p 00015000 08:02 44564570                   /lib/x86_64-linux-gnu/libnsl-2.24.so
7fcb8a93f000-7fcb8a940000 rw-p 00016000 08:02 44564570                   /lib/x86_64-linux-gnu/libnsl-2.24.so
7fcb8a940000-7fcb8a942000 rw-p 00000000 00:00 0 
7fcb8a942000-7fcb8a94a000 r-xp 00000000 08:02 44564571                   /lib/x86_64-linux-gnu/libnss_compat-2.24.so
7fcb8a94a000-7fcb8ab49000 ---p 00008000 08:02 44564571                   /lib/x86_64-linux-gnu/libnss_compat-2.24.so
7fcb8ab49000-7fcb8ab4a000 r--p 00007000 08:02 44564571                   /lib/x86_64-linux-gnu/libnss_compat-2.24.so
7fcb8ab4a000-7fcb8ab4b000 rw-p 00008000 08:02 44564571                   /lib/x86_64-linux-gnu/libnss_compat-2.24.so
7fcb8ab4b000-7fcb8ab76000 r-xp 00000000 08:02 41815947                   /usr/lib/jvm/java-8-oracle/jre/lib/amd64/libjava.so
7fcb8ab76000-7fcb8ad75000 ---p 0002b000 08:02 41815947                   /usr/lib/jvm/java-8-oracle/jre/lib/amd64/libjava.so
7fcb8ad75000-7fcb8ad77000 rw-p 0002a000 08:02 41815947                   /usr/lib/jvm/java-8-oracle/jre/lib/amd64/libjava.so
7fcb8ad77000-7fcb8ad84000 r-xp 00000000 08:02 41815898                   /usr/lib/jvm/java-8-oracle/jre/lib/amd64/libverify.so
7fcb8ad84000-7fcb8af84000 ---p 0000d000 08:02 41815898                   /usr/lib/jvm/java-8-oracle/jre/lib/amd64/libverify.so
7fcb8af84000-7fcb8af86000 rw-p 0000d000 08:02 41815898                   /usr/lib/jvm/java-8-oracle/jre/lib/amd64/libverify.so
7fcb8af86000-7fcb8af8d000 r-xp 00000000 08:02 44568976                   /lib/x86_64-linux-gnu/librt-2.24.so
7fcb8af8d000-7fcb8b18c000 ---p 00007000 08:02 44568976                   /lib/x86_64-linux-gnu/librt-2.24.so
7fcb8b18c000-7fcb8b18d000 r--p 00006000 08:02 44568976                   /lib/x86_64-linux-gnu/librt-2.24.so
7fcb8b18d000-7fcb8b18e000 rw-p 00007000 08:02 44568976                   /lib/x86_64-linux-gnu/librt-2.24.so
7fcb8b18e000-7fcb8b296000 r-xp 00000000 08:02 44564567                   /lib/x86_64-linux-gnu/libm-2.24.so
7fcb8b296000-7fcb8b495000 ---p 00108000 08:02 44564567                   /lib/x86_64-linux-gnu/libm-2.24.so
7fcb8b495000-7fcb8b496000 r--p 00107000 08:02 44564567                   /lib/x86_64-linux-gnu/libm-2.24.so
7fcb8b496000-7fcb8b497000 rw-p 00108000 08:02 44564567                   /lib/x86_64-linux-gnu/libm-2.24.so
7fcb8b497000-7fcb8c16a000 r-xp 00000000 08:02 41815951                   /usr/lib/jvm/java-8-oracle/jre/lib/amd64/server/libjvm.so
7fcb8c16a000-7fcb8c369000 ---p 00cd3000 08:02 41815951                   /usr/lib/jvm/java-8-oracle/jre/lib/amd64/server/libjvm.so
7fcb8c369000-7fcb8c443000 rw-p 00cd2000 08:02 41815951                   /usr/lib/jvm/java-8-oracle/jre/lib/amd64/server/libjvm.so
7fcb8c443000-7fcb8c48e000 rw-p 00000000 00:00 0 
7fcb8c48e000-7fcb8c64c000 r-xp 00000000 08:02 44564563                   /lib/x86_64-linux-gnu/libc-2.24.so
7fcb8c64c000-7fcb8c84b000 ---p 001be000 08:02 44564563                   /lib/x86_64-linux-gnu/libc-2.24.so
7fcb8c84b000-7fcb8c84f000 r--p 001bd000 08:02 44564563                   /lib/x86_64-linux-gnu/libc-2.24.so
7fcb8c84f000-7fcb8c851000 rw-p 001c1000 08:02 44564563                   /lib/x86_64-linux-gnu/libc-2.24.so
7fcb8c851000-7fcb8c855000 rw-p 00000000 00:00 0 
7fcb8c855000-7fcb8c858000 r-xp 00000000 08:02 44564566                   /lib/x86_64-linux-gnu/libdl-2.24.so
7fcb8c858000-7fcb8ca57000 ---p 00003000 08:02 44564566                   /lib/x86_64-linux-gnu/libdl-2.24.so
7fcb8ca57000-7fcb8ca58000 r--p 00002000 08:02 44564566                   /lib/x86_64-linux-gnu/libdl-2.24.so
7fcb8ca58000-7fcb8ca59000 rw-p 00003000 08:02 44564566                   /lib/x86_64-linux-gnu/libdl-2.24.so
7fcb8ca59000-7fcb8ca6e000 r-xp 00000000 08:02 41421674                   /usr/lib/jvm/java-8-oracle/lib/amd64/jli/libjli.so
7fcb8ca6e000-7fcb8cc6e000 ---p 00015000 08:02 41421674                   /usr/lib/jvm/java-8-oracle/lib/amd64/jli/libjli.so
7fcb8cc6e000-7fcb8cc6f000 rw-p 00015000 08:02 41421674                   /usr/lib/jvm/java-8-oracle/lib/amd64/jli/libjli.so
7fcb8cc6f000-7fcb8cc87000 r-xp 00000000 08:02 44568921                   /lib/x86_64-linux-gnu/libpthread-2.24.so
7fcb8cc87000-7fcb8ce87000 ---p 00018000 08:02 44568921                   /lib/x86_64-linux-gnu/libpthread-2.24.so
7fcb8ce87000-7fcb8ce88000 r--p 00018000 08:02 44568921                   /lib/x86_64-linux-gnu/libpthread-2.24.so
7fcb8ce88000-7fcb8ce89000 rw-p 00019000 08:02 44568921                   /lib/x86_64-linux-gnu/libpthread-2.24.so
7fcb8ce89000-7fcb8ce8d000 rw-p 00000000 00:00 0 
7fcb8ce8d000-7fcb8ceb3000 r-xp 00000000 08:02 44564495                   /lib/x86_64-linux-gnu/ld-2.24.so
7fcb8ceb3000-7fcb8ceb4000 r--s 00002000 08:02 25952624                   /home/jmmedina/Descargas/apache-tomcat-8.5.23/lib/tomcat-api.jar
7fcb8ceb4000-7fcb8ceb7000 r--s 00021000 08:02 25952630                   /home/jmmedina/Descargas/apache-tomcat-8.5.23/lib/tomcat-jdbc.jar
7fcb8ceb7000-7fcb8ceb9000 r--s 00007000 08:02 25952631                   /home/jmmedina/Descargas/apache-tomcat-8.5.23/lib/tomcat-jni.jar
7fcb8ceb9000-7fcb8cf8b000 rw-p 00000000 00:00 0 
7fcb8cf8b000-7fcb8cf8e000 ---p 00000000 00:00 0 
7fcb8cf8e000-7fcb8d08e000 rw-p 00000000 00:00 0 
7fcb8d08e000-7fcb8d08f000 r--s 0000b000 08:02 25952607                   /home/jmmedina/Descargas/apache-tomcat-8.5.23/bin/tomcat-juli.jar
7fcb8d08f000-7fcb8d090000 r--s 00005000 08:02 25952601                   /home/jmmedina/Descargas/apache-tomcat-8.5.23/bin/commons-daemon.jar
7fcb8d090000-7fcb8d092000 r--s 00007000 08:02 25952597                   /home/jmmedina/Descargas/apache-tomcat-8.5.23/bin/bootstrap.jar
7fcb8d092000-7fcb8d0a5000 rw-p 00000000 00:00 0 
7fcb8d0a5000-7fcb8d0ad000 rw-s 00000000 08:02 34871698                   /tmp/hsperfdata_jmmedina/4301
7fcb8d0ad000-7fcb8d0ae000 rw-p 00000000 00:00 0 
7fcb8d0ae000-7fcb8d0af000 r--p 00000000 00:00 0 
7fcb8d0af000-7fcb8d0b2000 rw-p 00000000 00:00 0 
7fcb8d0b2000-7fcb8d0b3000 r--p 00025000 08:02 44564495                   /lib/x86_64-linux-gnu/ld-2.24.so
7fcb8d0b3000-7fcb8d0b4000 rw-p 00026000 08:02 44564495                   /lib/x86_64-linux-gnu/ld-2.24.so
7fcb8d0b4000-7fcb8d0b5000 rw-p 00000000 00:00 0 
7ffea36a7000-7ffea36c9000 rw-p 00000000 00:00 0                          [stack]
7ffea37ef000-7ffea37f1000 r--p 00000000 00:00 0                          [vvar]
7ffea37f1000-7ffea37f3000 r-xp 00000000 00:00 0                          [vdso]
ffffffffff600000-ffffffffff601000 r-xp 00000000 00:00 0                  [vsyscall]

VM Arguments:
jvm_args: -Djava.util.logging.config.file=/home/jmmedina/Descargas/apache-tomcat-8.5.23/conf/logging.properties -Djava.util.logging.manager=org.apache.juli.ClassLoaderLogManager -Djdk.tls.ephemeralDHKeySize=2048 -Djava.protocol.handler.pkgs=org.apache.catalina.webresources -Dcatalina.base=/home/jmmedina/Descargas/apache-tomcat-8.5.23 -Dcatalina.home=/home/jmmedina/Descargas/apache-tomcat-8.5.23 -Djava.io.tmpdir=/home/jmmedina/Descargas/apache-tomcat-8.5.23/temp 
java_command: org.apache.catalina.startup.Bootstrap start
java_class_path (initial): /home/jmmedina/Descargas/apache-tomcat-8.5.23/bin/bootstrap.jar:/home/jmmedina/Descargas/apache-tomcat-8.5.23/bin/tomcat-juli.jar
Launcher Type: SUN_STANDARD

Environment Variables:
JAVA_HOME=/usr/lib/jvm/java-8-oracle
PATH=/usr/local/sbin:/usr/local/bin:/usr/sbin:/usr/bin:/sbin:/bin:/usr/games:/usr/local/games:/snap/bin:/usr/lib/jvm/java-8-oracle/bin:/usr/lib/jvm/java-8-oracle/db/bin:/usr/lib/jvm/java-8-oracle/jre/bin
SHELL=/bin/bash
DISPLAY=:0

Signal Handlers:
SIGSEGV: [libjvm.so+0xacba10], sa_mask[0]=11111111011111111101111111111110, sa_flags=SA_RESTART|SA_SIGINFO
SIGBUS: [libjvm.so+0xacba10], sa_mask[0]=11111111011111111101111111111110, sa_flags=SA_RESTART|SA_SIGINFO
SIGFPE: [libjvm.so+0x924ba0], sa_mask[0]=11111111011111111101111111111110, sa_flags=SA_RESTART|SA_SIGINFO
SIGPIPE: [libjvm.so+0x924ba0], sa_mask[0]=11111111011111111101111111111110, sa_flags=SA_RESTART|SA_SIGINFO
SIGXFSZ: [libjvm.so+0x924ba0], sa_mask[0]=11111111011111111101111111111110, sa_flags=SA_RESTART|SA_SIGINFO
SIGILL: [libjvm.so+0x924ba0], sa_mask[0]=11111111011111111101111111111110, sa_flags=SA_RESTART|SA_SIGINFO
SIGUSR1: SIG_DFL, sa_mask[0]=00000000000000000000000000000000, sa_flags=none
SIGUSR2: [libjvm.so+0x9263e0], sa_mask[0]=00000000000000000000000000000000, sa_flags=SA_RESTART|SA_SIGINFO
SIGHUP: [libjvm.so+0x9277e0], sa_mask[0]=11111111011111111101111111111110, sa_flags=SA_RESTART|SA_SIGINFO
SIGINT: SIG_IGN, sa_mask[0]=00000000000000000000000000000000, sa_flags=none
SIGTERM: [libjvm.so+0x9277e0], sa_mask[0]=11111111011111111101111111111110, sa_flags=SA_RESTART|SA_SIGINFO
SIGQUIT: [libjvm.so+0x9277e0], sa_mask[0]=11111111011111111101111111111110, sa_flags=SA_RESTART|SA_SIGINFO


---------------  S Y S T E M  ---------------

OS:DISTRIB_ID=Ubuntu
DISTRIB_RELEASE=17.04
DISTRIB_CODENAME=zesty
DISTRIB_DESCRIPTION="Ubuntu 17.04"

uname:Linux 4.10.0-35-generic #39-Ubuntu SMP Wed Sep 13 07:46:59 UTC 2017 x86_64
libc:glibc 2.24 NPTL 2.24 
rlimit: STACK 8192k, CORE 0k, NPROC 14800, NOFILE 4096, AS infinity
load average:0.93 0.89 0.95

/proc/meminfo:
MemTotal:        3885336 kB
MemFree:          189796 kB
MemAvailable:     978104 kB
Buffers:           63236 kB
Cached:          1312924 kB
SwapCached:         7236 kB
Active:          2503164 kB
Inactive:         963152 kB
Active(anon):    1953228 kB
Inactive(anon):   553412 kB
Active(file):     549936 kB
Inactive(file):   409740 kB
Unevictable:          48 kB
Mlocked:              48 kB
SwapTotal:       2097148 kB
SwapFree:        2070532 kB
Dirty:              2836 kB
Writeback:             0 kB
AnonPages:       2010732 kB
Mapped:           522512 kB
Shmem:            416488 kB
Slab:             116092 kB
SReclaimable:      74672 kB
SUnreclaim:        41420 kB
KernelStack:       11328 kB
PageTables:        44260 kB
NFS_Unstable:          0 kB
Bounce:                0 kB
WritebackTmp:          0 kB
CommitLimit:     4039816 kB
Committed_AS:    7001484 kB
VmallocTotal:   34359738367 kB
VmallocUsed:           0 kB
VmallocChunk:          0 kB
HardwareCorrupted:     0 kB
AnonHugePages:   1052672 kB
ShmemHugePages:        0 kB
ShmemPmdMapped:        0 kB
CmaTotal:              0 kB
CmaFree:               0 kB
HugePages_Total:       0
HugePages_Free:        0
HugePages_Rsvd:        0
HugePages_Surp:        0
Hugepagesize:       2048 kB
DirectMap4k:      154368 kB
DirectMap2M:     3878912 kB


CPU:total 4 (initial active 4) (4 cores per cpu, 1 threads per core) family 6 model 76 stepping 3, cmov, cx8, fxsr, mmx, sse, sse2, sse3, ssse3, sse4.1, sse4.2, popcnt, aes, clmul, erms, 3dnowpref, tsc, tscinvbit

/proc/cpuinfo:
processor	: 0
vendor_id	: GenuineIntel
cpu family	: 6
model		: 76
model name	: Intel(R) Pentium(R) CPU  N3700  @ 1.60GHz
stepping	: 3
microcode	: 0x353
cpu MHz		: 2400.000
cache size	: 1024 KB
physical id	: 0
siblings	: 4
core id		: 0
cpu cores	: 4
apicid		: 0
initial apicid	: 0
fpu		: yes
fpu_exception	: yes
cpuid level	: 11
wp		: yes
flags		: fpu vme de pse tsc msr pae mce cx8 apic sep mtrr pge mca cmov pat pse36 clflush dts acpi mmx fxsr sse sse2 ss ht tm pbe syscall nx rdtscp lm constant_tsc arch_perfmon pebs bts rep_good nopl xtopology tsc_reliable nonstop_tsc aperfmperf tsc_known_freq pni pclmulqdq dtes64 monitor ds_cpl vmx est tm2 ssse3 cx16 xtpr pdcm sse4_1 sse4_2 movbe popcnt tsc_deadline_timer aes rdrand lahf_lm 3dnowprefetch epb tpr_shadow vnmi flexpriority ept vpid tsc_adjust smep erms dtherm ida arat
bugs		:
bogomips	: 3200.00
clflush size	: 64
cache_alignment	: 64
address sizes	: 36 bits physical, 48 bits virtual
power management:

processor	: 1
vendor_id	: GenuineIntel
cpu family	: 6
model		: 76
model name	: Intel(R) Pentium(R) CPU  N3700  @ 1.60GHz
stepping	: 3
microcode	: 0x353
cpu MHz		: 2396.386
cache size	: 1024 KB
physical id	: 0
siblings	: 4
core id		: 1
cpu cores	: 4
apicid		: 2
initial apicid	: 2
fpu		: yes
fpu_exception	: yes
cpuid level	: 11
wp		: yes
flags		: fpu vme de pse tsc msr pae mce cx8 apic sep mtrr pge mca cmov pat pse36 clflush dts acpi mmx fxsr sse sse2 ss ht tm pbe syscall nx rdtscp lm constant_tsc arch_perfmon pebs bts rep_good nopl xtopology tsc_reliable nonstop_tsc aperfmperf tsc_known_freq pni pclmulqdq dtes64 monitor ds_cpl vmx est tm2 ssse3 cx16 xtpr pdcm sse4_1 sse4_2 movbe popcnt tsc_deadline_timer aes rdrand lahf_lm 3dnowprefetch epb tpr_shadow vnmi flexpriority ept vpid tsc_adjust smep erms dtherm ida arat
bugs		:
bogomips	: 3200.00
clflush size	: 64
cache_alignment	: 64
address sizes	: 36 bits physical, 48 bits virtual
power management:

processor	: 2
vendor_id	: GenuineIntel
cpu family	: 6
model		: 76
model name	: Intel(R) Pentium(R) CPU  N3700  @ 1.60GHz
stepping	: 3
microcode	: 0x353
cpu MHz		: 788.867
cache size	: 1024 KB
physical id	: 0
siblings	: 4
core id		: 2
cpu cores	: 4
apicid		: 4
initial apicid	: 4
fpu		: yes
fpu_exception	: yes
cpuid level	: 11
wp		: yes
flags		: fpu vme de pse tsc msr pae mce cx8 apic sep mtrr pge mca cmov pat pse36 clflush dts acpi mmx fxsr sse sse2 ss ht tm pbe syscall nx rdtscp lm constant_tsc arch_perfmon pebs bts rep_good nopl xtopology tsc_reliable nonstop_tsc aperfmperf tsc_known_freq pni pclmulqdq dtes64 monitor ds_cpl vmx est tm2 ssse3 cx16 xtpr pdcm sse4_1 sse4_2 movbe popcnt tsc_deadline_timer aes rdrand lahf_lm 3dnowprefetch epb tpr_shadow vnmi flexpriority ept vpid tsc_adjust smep erms dtherm ida arat
bugs		:
bogomips	: 3200.00
clflush size	: 64
cache_alignment	: 64
address sizes	: 36 bits physical, 48 bits virtual
power management:

processor	: 3
vendor_id	: GenuineIntel
cpu family	: 6
model		: 76
model name	: Intel(R) Pentium(R) CPU  N3700  @ 1.60GHz
stepping	: 3
microcode	: 0x353
cpu MHz		: 479.980
cache size	: 1024 KB
physical id	: 0
siblings	: 4
core id		: 3
cpu cores	: 4
apicid		: 6
initial apicid	: 6
fpu		: yes
fpu_exception	: yes
cpuid level	: 11
wp		: yes
flags		: fpu vme de pse tsc msr pae mce cx8 apic sep mtrr pge mca cmov pat pse36 clflush dts acpi mmx fxsr sse sse2 ss ht tm pbe syscall nx rdtscp lm constant_tsc arch_perfmon pebs bts rep_good nopl xtopology tsc_reliable nonstop_tsc aperfmperf tsc_known_freq pni pclmulqdq dtes64 monitor ds_cpl vmx est tm2 ssse3 cx16 xtpr pdcm sse4_1 sse4_2 movbe popcnt tsc_deadline_timer aes rdrand lahf_lm 3dnowprefetch epb tpr_shadow vnmi flexpriority ept vpid tsc_adjust smep erms dtherm ida arat
bugs		:
bogomips	: 3200.00
clflush size	: 64
cache_alignment	: 64
address sizes	: 36 bits physical, 48 bits virtual
power management:



Memory: 4k page, physical 3885336k(189796k free), swap 2097148k(2070532k free)

vm_info: Java HotSpot(TM) 64-Bit Server VM (25.144-b01) for linux-amd64 JRE (1.8.0_144-b01), built on Jul 21 2017 21:57:33 by "java_re" with gcc 4.3.0 20080428 (Red Hat 4.3.0-8)

time: Sat Oct  7 17:16:30 2017
elapsed time: 2388 seconds (0d 0h 39m 48s)

